<?xml version="1.0" encoding="UTF-8"?>
<!-- Generated by org.testng.reporters.JUnitXMLReporter -->
<testsuite hostname="zaman" ignored="4" name="Default test" tests="1" failures="0" timestamp="22 Dec 2019 21:05:42 GMT" time="44.207" errors="0">
  <testcase name="general_dynamin_selection_test" time="44.184" classname="MobilePlaygroud.GestureTest"/>
  <testcase name="general_store_form_Test" time="0.0" classname="MobilePlaygroud.GestureTest">
    <ignored/>
  </testcase> <!-- general_store_form_Test -->
  <testcase name="swipeTest" time="0.0" classname="MobilePlaygroud.GestureTest">
    <ignored/>
  </testcase> <!-- swipeTest -->
  <testcase name="tapTest" time="0.0" classname="MobilePlaygroud.GestureTest">
    <ignored/>
  </testcase> <!-- tapTest -->
  <testcase name="general_toast_test" time="0.0" classname="MobilePlaygroud.GestureTest">
    <ignored/>
  </testcase> <!-- general_toast_test -->
</testsuite> <!-- Default test -->
