<?xml version="1.0" encoding="UTF-8"?>
<!-- Generated by org.testng.reporters.JUnitXMLReporter -->
<testsuite hostname="zaman" ignored="6" name="Default test" tests="1" failures="0" timestamp="27 Dec 2019 06:19:35 GMT" time="54.786" errors="0">
  <testcase name="newtest" time="54.766" classname="MobilePlaygroud.GestureTest"/>
  <testcase name="general_store_form_Test" time="0.0" classname="MobilePlaygroud.GestureTest">
    <ignored/>
  </testcase> <!-- general_store_form_Test -->
  <testcase name="general_validate_product_test" time="0.0" classname="MobilePlaygroud.GestureTest">
    <ignored/>
  </testcase> <!-- general_validate_product_test -->
  <testcase name="swipeTest" time="0.0" classname="MobilePlaygroud.GestureTest">
    <ignored/>
  </testcase> <!-- swipeTest -->
  <testcase name="tapTest" time="0.0" classname="MobilePlaygroud.GestureTest">
    <ignored/>
  </testcase> <!-- tapTest -->
  <testcase name="general_toast_test" time="0.0" classname="MobilePlaygroud.GestureTest">
    <ignored/>
  </testcase> <!-- general_toast_test -->
  <testcase name="general_dynamin_selection_test" time="0.0" classname="MobilePlaygroud.GestureTest">
    <ignored/>
  </testcase> <!-- general_dynamin_selection_test -->
</testsuite> <!-- Default test -->
