<?xml version="1.0" encoding="UTF-8"?>
<testng-results skipped="0" failed="0" ignored="6" total="7" passed="1">
  <reporter-output>
  </reporter-output>
  <suite name="Default suite" duration-ms="54786" started-at="2019-12-27T06:18:41Z" finished-at="2019-12-27T06:19:35Z">
    <groups>
    </groups>
    <test name="Default test" duration-ms="54786" started-at="2019-12-27T06:18:41Z" finished-at="2019-12-27T06:19:35Z">
      <class name="MobilePlaygroud.GestureTest">
        <test-method status="PASS" signature="newtest()[pri:6, instance:MobilePlaygroud.GestureTest@1ce92674]" name="newtest" duration-ms="54766" started-at="2019-12-27T06:18:41Z" finished-at="2019-12-27T06:19:35Z">
          <reporter-output>
          </reporter-output>
        </test-method> <!-- newtest -->
      </class> <!-- MobilePlaygroud.GestureTest -->
    </test> <!-- Default test -->
  </suite> <!-- Default suite -->
</testng-results>
